{"level":"debug","message":"[GET /api/v1/audit?page=1&limit=10&source=supabase] Cookies: undefined | Auth Header: Missing"}
{"body":{},"level":"error","message":"401 - You are not logged in! Please log in to get access. - /api/v1/audit?page=1&limit=10&source=supabase - GET - ::1","params":{},"query":{"limit":"10","page":"1","source":"supabase"},"stack":"Error: You are not logged in! Please log in to get access.\n    at protect (E:\\RPT-Dashboard\\RPT-DASHBOARD\\express-backend\\src\\middleware\\auth.js:54:17)\n    at Layer.handle [as handle_request] (E:\\RPT-Dashboard\\RPT-DASHBOARD\\express-backend\\node_modules\\express\\lib\\router\\layer.js:95:5)\n    at next (E:\\RPT-Dashboard\\RPT-DASHBOARD\\express-backend\\node_modules\\express\\lib\\router\\route.js:149:13)\n    at Route.dispatch (E:\\RPT-Dashboard\\RPT-DASHBOARD\\express-backend\\node_modules\\express\\lib\\router\\route.js:119:3)\n    at Layer.handle [as handle_request] (E:\\RPT-Dashboard\\RPT-DASHBOARD\\express-backend\\node_modules\\express\\lib\\router\\layer.js:95:5)\n    at E:\\RPT-Dashboard\\RPT-DASHBOARD\\express-backend\\node_modules\\express\\lib\\router\\index.js:284:15\n    at router.process_params (E:\\RPT-Dashboard\\RPT-DASHBOARD\\express-backend\\node_modules\\express\\lib\\router\\index.js:346:12)\n    at next (E:\\RPT-Dashboard\\RPT-DASHBOARD\\express-backend\\node_modules\\express\\lib\\router\\index.js:280:10)\n    at router.handle (E:\\RPT-Dashboard\\RPT-DASHBOARD\\express-backend\\node_modules\\express\\lib\\router\\index.js:175:3)\n    at router (E:\\RPT-Dashboard\\RPT-DASHBOARD\\express-backend\\node_modules\\express\\lib\\router\\index.js:47:12)","user":"unauthenticated"}
{"level":"http","message":"GET /api/v1/audit?page=1&limit=10&source=supabase 401 54ms - ::1"}
{"level":"debug","message":"[POST /api/auth/login] Cookies: undefined | Auth Header: Missing"}
{"level":"info","message":"Attempting login for user: admin@tax.gov"}
{"level":"warn","message":"Login failed for email: admin@tax.gov. Error: fetch failed"}
{"level":"http","message":"POST /api/auth/login 401 11506ms - ::1"}
{"level":"debug","message":"[POST /api/auth/login] Cookies: undefined | Auth Header: Missing"}
{"level":"info","message":"Attempting login for user: admin@tax.gov"}
{"level":"warn","message":"Login failed for email: admin@tax.gov. Error: fetch failed"}
{"level":"http","message":"POST /api/auth/login 401 10613ms - ::1"}
{"level":"debug","message":"[POST /api/auth/login] Cookies: undefined | Auth Header: Missing"}
{"level":"info","message":"Attempting login for user: admin@tax.gov"}
{"level":"warn","message":"Login failed for email: admin@tax.gov. Error: fetch failed"}
{"level":"http","message":"POST /api/auth/login 401 10618ms - ::1"}
{"level":"debug","message":"[GET /api/v1/test-tasks?page=1&limit=10&source=supabase] Cookies: undefined | Auth Header: Missing"}
{"body":{},"level":"error","message":"401 - You are not logged in! Please log in to get access. - /api/v1/test-tasks?page=1&limit=10&source=supabase - GET - ::1","params":{},"query":{"limit":"10","page":"1","source":"supabase"},"stack":"Error: You are not logged in! Please log in to get access.\n    at protect (E:\\RPT-Dashboard\\RPT-DASHBOARD\\express-backend\\src\\middleware\\auth.js:54:17)\n    at Layer.handle [as handle_request] (E:\\RPT-Dashboard\\RPT-DASHBOARD\\express-backend\\node_modules\\express\\lib\\router\\layer.js:95:5)\n    at next (E:\\RPT-Dashboard\\RPT-DASHBOARD\\express-backend\\node_modules\\express\\lib\\router\\route.js:149:13)\n    at next (E:\\RPT-Dashboard\\RPT-DASHBOARD\\express-backend\\node_modules\\express\\lib\\router\\route.js:145:7)\n    at next (E:\\RPT-Dashboard\\RPT-DASHBOARD\\express-backend\\node_modules\\express\\lib\\router\\route.js:145:7)\n    at next (E:\\RPT-Dashboard\\RPT-DASHBOARD\\express-backend\\node_modules\\express\\lib\\router\\route.js:145:7)\n    at Route.dispatch (E:\\RPT-Dashboard\\RPT-DASHBOARD\\express-backend\\node_modules\\express\\lib\\router\\route.js:119:3)\n    at Layer.handle [as handle_request] (E:\\RPT-Dashboard\\RPT-DASHBOARD\\express-backend\\node_modules\\express\\lib\\router\\layer.js:95:5)\n    at E:\\RPT-Dashboard\\RPT-DASHBOARD\\express-backend\\node_modules\\express\\lib\\router\\index.js:284:15\n    at router.process_params (E:\\RPT-Dashboard\\RPT-DASHBOARD\\express-backend\\node_modules\\express\\lib\\router\\index.js:346:12)","user":"unauthenticated"}
{"level":"http","message":"GET /api/v1/test-tasks?page=1&limit=10&source=supabase 401 1ms - ::1"}
{"level":"debug","message":"[POST /api/auth/login] Cookies: undefined | Auth Header: Missing"}
{"level":"info","message":"Attempting login for user: user@example.com"}
{"level":"warn","message":"Login failed for email: user@example.com. Error: fetch failed"}
{"level":"http","message":"POST /api/auth/login 401 10659ms - ::1"}
